Library/Bee/Android/Prj/IL2CPP/Gradle/launcher/build/intermediates/manifest_merge_blame_file/release/manifest-merger-blame-release-report.txt
1<?xml version="1.0" encoding="utf-8"?>
2<manifest xmlns:android="http://schemas.android.com/apk/res/android"
3    package="com.Besughi.BaskHero"
4    android:installLocation="preferExternal"
5    android:versionCode="1"
6    android:versionName="4.0" >
7
8    <uses-sdk
9        android:minSdkVersion="22"
9-->src\main\AndroidManifest.xml
10        android:targetSdkVersion="32" />
10-->src\main\AndroidManifest.xml
11
12    <supports-screens
12-->src\main\AndroidManifest.xml:4:3-163
13        android:anyDensity="true"
13-->src\main\AndroidManifest.xml:4:135-160
14        android:largeScreens="true"
14-->src\main\AndroidManifest.xml:4:78-105
15        android:normalScreens="true"
15-->src\main\AndroidManifest.xml:4:49-77
16        android:smallScreens="true"
16-->src\main\AndroidManifest.xml:4:21-48
17        android:xlargeScreens="true" />
17-->src\main\AndroidManifest.xml:4:106-134
18
19    <uses-permission android:name="android.permission.INTERNET" />
19-->[:unityLibrary] AndroidManifest.xml:10:5-67
19-->[:unityLibrary] AndroidManifest.xml:10:22-64
20
21    <uses-feature android:glEsVersion="0x00030000" />
21-->[:unityLibrary] AndroidManifest.xml:12:5-54
21-->[:unityLibrary] AndroidManifest.xml:12:19-51
22    <uses-feature
22-->[:unityLibrary] AndroidManifest.xml:13:5-15:36
23        android:name="android.hardware.vulkan.version"
23-->[:unityLibrary] AndroidManifest.xml:14:9-55
24        android:required="false" />
24-->[:unityLibrary] AndroidManifest.xml:15:9-33
25    <uses-feature
25-->[:unityLibrary] AndroidManifest.xml:16:5-18:36
26        android:name="android.hardware.touchscreen"
26-->[:unityLibrary] AndroidManifest.xml:17:9-52
27        android:required="false" />
27-->[:unityLibrary] AndroidManifest.xml:18:9-33
28    <uses-feature
28-->[:unityLibrary] AndroidManifest.xml:19:5-21:36
29        android:name="android.hardware.touchscreen.multitouch"
29-->[:unityLibrary] AndroidManifest.xml:20:9-63
30        android:required="false" />
30-->[:unityLibrary] AndroidManifest.xml:21:9-33
31    <uses-feature
31-->[:unityLibrary] AndroidManifest.xml:22:5-24:36
32        android:name="android.hardware.touchscreen.multitouch.distinct"
32-->[:unityLibrary] AndroidManifest.xml:23:9-72
33        android:required="false" />
33-->[:unityLibrary] AndroidManifest.xml:24:9-33
34    <uses-feature
34-->[:unityLibrary] AndroidManifest.xml:25:5-28:31
35        android:name="android.hardware.vr.headtracking"
35-->[:unityLibrary] AndroidManifest.xml:26:9-56
36        android:required="true"
36-->[:unityLibrary] AndroidManifest.xml:27:9-32
37        android:version="1" />
37-->[:unityLibrary] AndroidManifest.xml:28:9-28
38
39    <uses-permission android:name="com.oculus.permission.HAND_TRACKING" />
39-->[:unityLibrary] AndroidManifest.xml:30:5-75
39-->[:unityLibrary] AndroidManifest.xml:30:22-72
40
41    <uses-feature
41-->[:unityLibrary] AndroidManifest.xml:32:5-34:36
42        android:name="oculus.software.handtracking"
42-->[:unityLibrary] AndroidManifest.xml:33:9-52
43        android:required="false" />
43-->[:unityLibrary] AndroidManifest.xml:34:9-33
44
45    <application
45-->src\main\AndroidManifest.xml:3:3-83
46        android:extractNativeLibs="true"
46-->[:unityLibrary] AndroidManifest.xml:36:18-50
47        android:icon="@mipmap/app_icon"
47-->src\main\AndroidManifest.xml:3:49-80
48        android:label="@string/app_name" >
48-->src\main\AndroidManifest.xml:3:16-48
49        <meta-data
49-->[:unityLibrary] AndroidManifest.xml:37:9-39:33
50            android:name="unity.splash-mode"
50-->[:unityLibrary] AndroidManifest.xml:38:13-45
51            android:value="0" />
51-->[:unityLibrary] AndroidManifest.xml:39:13-30
52        <meta-data
52-->[:unityLibrary] AndroidManifest.xml:40:9-42:36
53            android:name="unity.splash-enable"
53-->[:unityLibrary] AndroidManifest.xml:41:13-47
54            android:value="True" />
54-->[:unityLibrary] AndroidManifest.xml:42:13-33
55        <meta-data
55-->[:unityLibrary] AndroidManifest.xml:43:9-45:36
56            android:name="unity.launch-fullscreen"
56-->[:unityLibrary] AndroidManifest.xml:44:13-51
57            android:value="True" />
57-->[:unityLibrary] AndroidManifest.xml:45:13-33
58        <meta-data
58-->[:unityLibrary] AndroidManifest.xml:46:9-48:37
59            android:name="unity.allow-resizable-window"
59-->[:unityLibrary] AndroidManifest.xml:47:13-56
60            android:value="False" />
60-->[:unityLibrary] AndroidManifest.xml:48:13-34
61        <meta-data
61-->[:unityLibrary] AndroidManifest.xml:49:9-51:50
62            android:name="notch.config"
62-->[:unityLibrary] AndroidManifest.xml:50:13-40
63            android:value="portrait|landscape" />
63-->[:unityLibrary] AndroidManifest.xml:51:13-47
64        <meta-data
64-->[:unityLibrary] AndroidManifest.xml:52:9-54:36
65            android:name="unity.auto-report-fully-drawn"
65-->[:unityLibrary] AndroidManifest.xml:53:13-57
66            android:value="true" />
66-->[:unityLibrary] AndroidManifest.xml:54:13-33
67
68        <activity
68-->[:unityLibrary] AndroidManifest.xml:56:9-82:20
69            android:name="com.unity3d.player.UnityPlayerActivity"
69-->[:unityLibrary] AndroidManifest.xml:57:13-66
70            android:configChanges="mcc|mnc|locale|touchscreen|keyboard|keyboardHidden|navigation|orientation|screenLayout|uiMode|screenSize|smallestScreenSize|fontScale|layoutDirection|density"
70-->[:unityLibrary] AndroidManifest.xml:58:13-194
71            android:exported="true"
71-->[:unityLibrary] AndroidManifest.xml:59:13-36
72            android:hardwareAccelerated="false"
72-->[:unityLibrary] AndroidManifest.xml:60:13-48
73            android:launchMode="singleTask"
73-->[:unityLibrary] AndroidManifest.xml:61:13-44
74            android:resizeableActivity="false"
74-->[:unityLibrary] AndroidManifest.xml:62:13-47
75            android:screenOrientation="fullUser"
75-->[:unityLibrary] AndroidManifest.xml:63:13-49
76            android:theme="@style/UnityThemeSelector" >
76-->[:unityLibrary] AndroidManifest.xml:64:13-54
77            <intent-filter>
77-->[:unityLibrary] AndroidManifest.xml:65:13-71:29
78                <category android:name="android.intent.category.LAUNCHER" />
78-->[:unityLibrary] AndroidManifest.xml:66:17-77
78-->[:unityLibrary] AndroidManifest.xml:66:27-74
79
80                <action android:name="android.intent.action.MAIN" />
80-->[:unityLibrary] AndroidManifest.xml:68:17-69
80-->[:unityLibrary] AndroidManifest.xml:68:25-66
81
82                <category android:name="com.oculus.intent.category.VR" />
82-->[:unityLibrary] AndroidManifest.xml:70:17-74
82-->[:unityLibrary] AndroidManifest.xml:70:27-71
83            </intent-filter>
84
85            <meta-data
85-->[:unityLibrary] AndroidManifest.xml:73:13-75:40
86                android:name="unityplayer.UnityActivity"
86-->[:unityLibrary] AndroidManifest.xml:74:17-57
87                android:value="true" />
87-->[:unityLibrary] AndroidManifest.xml:75:17-37
88            <meta-data
88-->[:unityLibrary] AndroidManifest.xml:76:13-78:40
89                android:name="notch_support"
89-->[:unityLibrary] AndroidManifest.xml:77:17-45
90                android:value="true" />
90-->[:unityLibrary] AndroidManifest.xml:78:17-37
91            <meta-data
91-->[:unityLibrary] AndroidManifest.xml:79:13-81:40
92                android:name="com.oculus.vr.focusaware"
92-->[:unityLibrary] AndroidManifest.xml:80:17-56
93                android:value="true" />
93-->[:unityLibrary] AndroidManifest.xml:81:17-37
94        </activity>
95
96        <meta-data
96-->[:unityLibrary] AndroidManifest.xml:84:9-86:52
97            android:name="com.oculus.supportedDevices"
97-->[:unityLibrary] AndroidManifest.xml:85:13-55
98            android:value="quest|quest2|cambria" />
98-->[:unityLibrary] AndroidManifest.xml:86:13-49
99    </application>
100
101</manifest>